

Version:	3.12
CmdLine:	C:\Users\Admin\OneDrive\Documents\NetBeansProjects\MyRestaurant\src\myrestaurant\app\MyRestaurant.exe --l4j-debug
WOW64:		yes
Working dir:	C:\Users\Admin\OneDrive\Documents\NetBeansProjects\MyRestaurant\src\myrestaurant\app\.
Java min ver:	1.004.000
Java max ver:	
64-bit search:	SOFTWARE\JavaSoft\Java Runtime Environment...
32-bit search:	SOFTWARE\JavaSoft\Java Runtime Environment...
Check:		SOFTWARE\JavaSoft\Java Runtime Environment\1.8
Check launcher:	C:\Program Files (x86)\Java\jre1.8.0_261\bin\javaw.exe (OK)
Match:		1.008.000
Check:		SOFTWARE\JavaSoft\Java Runtime Environment\1.8.0_261
Check launcher:	C:\Program Files (x86)\Java\jre1.8.0_261\bin\javaw.exe (OK)
Match:		1.008.000_261
64-bit search:	SOFTWARE\JavaSoft\Java Development Kit...
32-bit search:	SOFTWARE\JavaSoft\Java Development Kit...
64-bit search:	SOFTWARE\JavaSoft\JRE...
32-bit search:	SOFTWARE\JavaSoft\JRE...
64-bit search:	SOFTWARE\JavaSoft\JDK...
Check:		SOFTWARE\JavaSoft\JDK\14.0.2
Check launcher:	C:\Program Files\Java\jdk-14.0.2\bin\javaw.exe (OK)
Match:		1.014.000_002
Runtime used:	1.014.000_002 (64-bit)
Launcher:	C:\Program Files\Java\jdk-14.0.2\bin\javaw.exe
Launcher args:	-jar "C:\Users\Admin\OneDrive\Documents\NetBeansProjects\MyRestaurant\src\myrestaurant\app\MyRestaurant.exe"
Args length:	108/32768 chars
Exit code:	0


Version:	3.12
CmdLine:	C:\Users\Admin\OneDrive\Documents\NetBeansProjects\MyRestaurant\src\myrestaurant\app\MyRestaurant.exe --l4j-debug
WOW64:		yes
Working dir:	C:\Users\Admin\OneDrive\Documents\NetBeansProjects\MyRestaurant\src\myrestaurant\app\.
Java min ver:	1.004.000
Java max ver:	
64-bit search:	SOFTWARE\JavaSoft\Java Runtime Environment...
32-bit search:	SOFTWARE\JavaSoft\Java Runtime Environment...
Check:		SOFTWARE\JavaSoft\Java Runtime Environment\1.8
Check launcher:	C:\Program Files (x86)\Java\jre1.8.0_261\bin\javaw.exe (OK)
Match:		1.008.000
Check:		SOFTWARE\JavaSoft\Java Runtime Environment\1.8.0_261
Check launcher:	C:\Program Files (x86)\Java\jre1.8.0_261\bin\javaw.exe (OK)
Match:		1.008.000_261
64-bit search:	SOFTWARE\JavaSoft\Java Development Kit...
32-bit search:	SOFTWARE\JavaSoft\Java Development Kit...
64-bit search:	SOFTWARE\JavaSoft\JRE...
32-bit search:	SOFTWARE\JavaSoft\JRE...
64-bit search:	SOFTWARE\JavaSoft\JDK...
Check:		SOFTWARE\JavaSoft\JDK\14.0.2
Check launcher:	C:\Program Files\Java\jdk-14.0.2\bin\javaw.exe (OK)
Match:		1.014.000_002
Runtime used:	1.014.000_002 (64-bit)
Launcher:	C:\Program Files\Java\jdk-14.0.2\bin\javaw.exe
Launcher args:	-jar "C:\Users\Admin\OneDrive\Documents\NetBeansProjects\MyRestaurant\src\myrestaurant\app\MyRestaurant.exe"
Args length:	108/32768 chars
Exit code:	0
